1767062289: SUCCESS: replaced projects with new build; wrote 17 projects
1767063131: SUCCESS: replaced projects with new build; wrote 17 projects
1767063178: SUCCESS: replaced projects with new build; wrote 17 projects
1767063563: SUCCESS: replaced projects with new build; wrote 17 projects
1767238657: SUCCESS: replaced projects with new build; wrote 17 projects
1767238985: SUCCESS: replaced projects with new build; wrote 17 projects
1768099492: SUCCESS: replaced projects with new build; wrote 18 projects
1768099995: SUCCESS: replaced projects with new build; wrote 18 projects
1768100448: SUCCESS: replaced projects with new build; wrote 17 projects
1768526560: SUCCESS: replaced projects with new build; wrote 17 projects
1768700122: SUCCESS: replaced projects with new build; wrote 17 projects
1769139404: SUCCESS: replaced projects with new build; wrote 18 projects
1771696054: SUCCESS: replaced projects with new build; wrote 12 projects
1771696689: SUCCESS: replaced projects with new build; wrote 12 projects
1771726222: SUCCESS: replaced projects with new build; wrote 12 projects
1771728043: SUCCESS: replaced projects with new build; wrote 12 projects
1771728476: SUCCESS: replaced projects with new build; wrote 12 projects
1771728930: SUCCESS: replaced projects with new build; wrote 12 projects
1771759167: SUCCESS: replaced projects with new build; wrote 12 projects
1771759870: SUCCESS: replaced projects with new build; wrote 12 projects
1771763772: SUCCESS: replaced projects with new build; wrote 12 projects
1771764164: SUCCESS: replaced projects with new build; wrote 12 projects
1771764682: SUCCESS: replaced projects with new build; wrote 12 projects
1771765273: SUCCESS: replaced projects with new build; wrote 12 projects
1771768334: SUCCESS: replaced projects with new build; wrote 12 projects
1771768648: SUCCESS: replaced projects with new build; wrote 12 projects
1771771975: SUCCESS: replaced projects with new build; wrote 12 projects
1771773396: SUCCESS: replaced projects with new build; wrote 12 projects
1771774712: SUCCESS: replaced projects with new build; wrote 12 projects
1772128114: ERROR: build failed: Duplicate project id found: 306aec94-4d3c-8005-97ab-d4572f1ab679
1772128155: ERROR: build failed: Duplicate project id found: 306aec94-4d3c-8005-97ab-d4572f1ab679
1772128294: SUCCESS: replaced projects with new build; wrote 20 projects
1772128477: SUCCESS: replaced projects with new build; wrote 20 projects
1772128992: SUCCESS: replaced projects with new build; wrote 20 projects
1772133697: SUCCESS: replaced projects with new build; wrote 20 projects
1772135220: SUCCESS: replaced projects with new build; wrote 20 projects
1772135630: SUCCESS: replaced projects with new build; wrote 20 projects
1772135893: SUCCESS: replaced projects with new build; wrote 20 projects
1772634601: SUCCESS: replaced projects with new build; wrote 20 projects
1772635192: SUCCESS: replaced projects with new build; wrote 20 projects
1772635233: SUCCESS: replaced projects with new build; wrote 20 projects
1772635459: SUCCESS: replaced projects with new build; wrote 20 projects
1772636567: SUCCESS: replaced projects with new build; wrote 20 projects
1772639949: SUCCESS: replaced projects with new build; wrote 20 projects
1772640684: SUCCESS: replaced projects with new build; wrote 20 projects
1772642282: SUCCESS: replaced projects with new build; wrote 20 projects
1772642770: SUCCESS: replaced projects with new build; wrote 20 projects
1772642852: SUCCESS: replaced projects with new build; wrote 20 projects
1772643391: SUCCESS: replaced projects with new build; wrote 20 projects
1772643448: SUCCESS: replaced projects with new build; wrote 20 projects
1773135500: SUCCESS: replaced projects with new build; wrote 20 projects
1773146482: SUCCESS: replaced projects with new build; wrote 20 projects
1773146952: SUCCESS: replaced projects with new build; wrote 19 projects
1773147915: ERROR: build failed: Duplicate project id found: 306aec94-4d3c-8005-97ab-d4572f1ab679
1773147922: ERROR: build failed: Duplicate project id found: 306aec94-4d3c-8005-97ab-d4572f1ab679
1773148028: ERROR: build failed: Duplicate project id found: 306aec94-4d3c-8005-97ab-d4572f1ab679
1773148068: SUCCESS: replaced projects with new build; wrote 19 projects
1773187936: SUCCESS: replaced projects with new build; wrote 19 projects
1773189127: SUCCESS: replaced projects with new build; wrote 19 projects
1773189813: SUCCESS: replaced projects with new build; wrote 19 projects
1773190083: SUCCESS: replaced projects with new build; wrote 19 projects
1773242218: SUCCESS: replaced projects with new build; wrote 19 projects
1773252793: SUCCESS: replaced projects with new build; wrote 19 projects
1773255274: SUCCESS: replaced projects with new build; wrote 19 projects
1773260801: SUCCESS: replaced projects with new build; wrote 19 projects
1773265217: ERROR: build failed: Duplicate project id found: 306aec94-4d3c-8005-97ab-d4572f1ab679
1773265230: ERROR: build failed: Duplicate project id found: 306aec94-4d3c-8005-97ab-d4572f1ab679
1773265428: SUCCESS: replaced projects with new build; wrote 19 projects
1773611820: SUCCESS: replaced projects with new build; wrote 19 projects
1773612122: SUCCESS: replaced projects with new build; wrote 19 projects
1773613514: SUCCESS: replaced projects with new build; wrote 19 projects
1773613956: SUCCESS: replaced projects with new build; wrote 19 projects
1773649251: SUCCESS: replaced projects with new build; wrote 19 projects
1773650289: SUCCESS: replaced projects with new build; wrote 19 projects
1773650520: SUCCESS: replaced projects with new build; wrote 19 projects
1773650817: SUCCESS: replaced projects with new build; wrote 19 projects
1773650946: SUCCESS: replaced projects with new build; wrote 19 projects
1773651502: SUCCESS: replaced projects with new build; wrote 19 projects
1773651599: SUCCESS: replaced projects with new build; wrote 19 projects
1773653666: SUCCESS: replaced projects with new build; wrote 19 projects
1773654811: SUCCESS: replaced projects with new build; wrote 19 projects
1773654811: CLEANUP: removed stray projects sibling /Users/zacharysturman/Downloads/zachary-sturman.com/zachary-sturman/public/projects_tmp_kuqug7h6
1773663386: SUCCESS: replaced projects with new build; wrote 19 projects
1773666966: SUCCESS: replaced projects with new build; wrote 19 projects
1773669751: SUCCESS: replaced projects with new build; wrote 19 projects
1773704221: SUCCESS: replaced projects with new build; wrote 19 projects
1774472736: SUCCESS: replaced projects with new build; wrote 19 projects
1774477150: SUCCESS: replaced projects with new build; wrote 20 projects
1774477150: CLEANUP: removed stray projects sibling /Users/zacharysturman/Downloads/zachary-sturman.com/zachary-sturman/public/projects_tmp_y_421y5l
1774477255: SUCCESS: replaced projects with new build; wrote 20 projects
1774480177: SUCCESS: replaced projects with new build; wrote 20 projects
1774481005: SUCCESS: replaced projects with new build; wrote 20 projects
1774509554: SUCCESS: replaced projects with new build; wrote 22 projects
1774571386: SUCCESS: replaced projects with new build; wrote 22 projects
1774866165: SUCCESS: replaced projects with new build; wrote 35 projects
1774877378: SUCCESS: replaced projects with new build; wrote 35 projects
1775024897: SUCCESS: replaced projects with new build; wrote 35 projects
1775039879: SUCCESS: replaced projects with new build; wrote 34 projects
1775042237: SUCCESS: replaced projects with new build; wrote 34 projects
1775042238: CLEANUP: removed stray projects sibling /Users/zacharysturman/Downloads/zachary-sturman.com/zachary-sturman/public/projects_tmp_orwybnmo
1775042238: CLEANUP: removed stray projects sibling /Users/zacharysturman/Downloads/zachary-sturman.com/zachary-sturman/public/projects_tmp_d38bctxq
1775266914: SUCCESS: replaced projects with new build; wrote 34 projects
1775303756: SUCCESS: replaced projects with new build; wrote 34 projects
1775343675: SUCCESS: replaced projects with new build; wrote 34 projects
1775347233: SUCCESS: replaced projects with new build; wrote 34 projects
1775348447: SUCCESS: replaced projects with new build; wrote 34 projects
1775389860: SUCCESS: replaced projects with new build; wrote 35 projects
1775390872: SUCCESS: replaced projects with new build; wrote 35 projects
1775394572: SUCCESS: replaced projects with new build; wrote 35 projects
1775394614: SUCCESS: replaced projects with new build; wrote 35 projects
1775610784: SUCCESS: replaced projects with new build; wrote 35 projects
1775646576: SUCCESS: replaced projects with new build; wrote 35 projects
1775660870: SUCCESS: replaced projects with new build; wrote 34 projects
1775694247: SUCCESS: replaced projects with new build; wrote 34 projects
1775954065: SUCCESS: replaced projects with new build; wrote 34 projects
1776458540: SUCCESS: replaced projects with new build; wrote 34 projects
1776459263: SUCCESS: replaced projects with new build; wrote 34 projects
1776562379: SUCCESS: replaced projects with new build; wrote 35 projects
1776563382: SUCCESS: replaced projects with new build; wrote 35 projects
1776563799: SUCCESS: replaced projects with new build; wrote 35 projects
1776645196: SUCCESS: replaced projects with new build; wrote 35 projects
1776645335: SUCCESS: replaced projects with new build; wrote 35 projects
1776645627: SUCCESS: replaced projects with new build; wrote 35 projects
1776651151: SUCCESS: replaced projects with new build; wrote 35 projects
1776680337: SUCCESS: replaced projects with new build; wrote 35 projects
1776690883: SUCCESS: replaced projects with new build; wrote 35 projects
1776691702: SUCCESS: replaced projects with new build; wrote 35 projects
1776693742: SUCCESS: replaced projects with new build; wrote 35 projects
1776695793: SUCCESS: replaced projects with new build; wrote 35 projects
1776696851: SUCCESS: replaced projects with new build; wrote 35 projects
1776696886: SUCCESS: replaced projects with new build; wrote 35 projects
1776698040: SUCCESS: replaced projects with new build; wrote 35 projects
1776728336: SUCCESS: replaced projects with new build; wrote 35 projects
1776731046: SUCCESS: replaced projects with new build; wrote 35 projects
1776735419: SUCCESS: replaced projects with new build; wrote 35 projects
1776737445: SUCCESS: replaced projects with new build; wrote 35 projects
1776737936: SUCCESS: replaced projects with new build; wrote 35 projects
1776761961: SUCCESS: replaced projects with new build; wrote 35 projects
1776762468: SUCCESS: replaced projects with new build; wrote 35 projects
1776765071: SUCCESS: replaced projects with new build; wrote 35 projects
1776767693: SUCCESS: replaced projects with new build; wrote 35 projects
1776767886: SUCCESS: replaced projects with new build; wrote 35 projects
1776773971: SUCCESS: replaced projects with new build; wrote 35 projects
1776774860: SUCCESS: replaced projects with new build; wrote 35 projects
1776921294: SUCCESS: replaced projects with new build; wrote 35 projects
1776922504: SUCCESS: replaced projects with new build; wrote 35 projects
1776996617: SUCCESS: replaced projects with new build; wrote 35 projects
1776996617: CLEANUP: removed stray projects sibling /Users/zacharysturman/Downloads/zacharysturman.com/zachary-sturman/public/projects_tmp_z4mhxafo
1777009292: ERROR: build failed: Duplicate project id found: 304aec94-4d3c-8029-a1b1-ea0f92487137
1777009351: ERROR: build failed: Duplicate project id found: 304aec94-4d3c-8029-a1b1-ea0f92487137
1777009484: SUCCESS: replaced projects with new build; wrote 35 projects
1777009734: SUCCESS: replaced projects with new build; wrote 35 projects
1777017294: SUCCESS: replaced projects with new build; wrote 35 projects
1777067129: SUCCESS: replaced projects with new build; wrote 35 projects
1777068361: SUCCESS: replaced projects with new build; wrote 35 projects
1777077724: SUCCESS: replaced projects with new build; wrote 35 projects
1777215933: SUCCESS: replaced projects with new build; wrote 35 projects
1778032629: SUCCESS: replaced projects with new build; wrote 38 projects
1778587670: SUCCESS: replaced projects with new build; wrote 40 projects
1778588164: SUCCESS: replaced projects with new build; wrote 40 projects
1778590721: SUCCESS: replaced projects with new build; wrote 40 projects
1778601160: SUCCESS: replaced projects with new build; wrote 39 projects
1779144583: SUCCESS: replaced projects with new build; wrote 39 projects
1779586861: SUCCESS: replaced projects with new build; wrote 39 projects
1779586950: SUCCESS: replaced projects with new build; wrote 39 projects
1780866419: SUCCESS: replaced projects with new build; wrote 39 projects
